<?xml version="1.0" encoding="UTF-8"?>
<!-- Generated by org.testng.reporters.JUnitReportReporter -->
<testsuite hostname="Xiaoyans-MacBook-Pro.local" failures="0" tests="4" name="com.ta.testNG.LoginToXEROWithTestData" time="40.191" errors="0" timestamp="2020-09-28T18:10:19 PDT" skipped="0">
  <testcase classname="com.ta.testNG.LoginToXEROWithTestData" name="loginToWebsite" time="12.579"/>
  <system-out/>
  <testcase classname="com.ta.testNG.LoginToXEROWithTestData" name="loginToWebsiteWithTestData" time="11.236"/>
  <system-out/>
  <testcase classname="com.ta.testNG.LoginToXEROWithTestData" name="loginToWebsiteWithTestData" time="5.482"/>
  <system-out/>
  <testcase classname="com.ta.testNG.LoginToXEROWithTestData" name="loginToWebsiteWithTestData" time="10.894"/>
  <system-out/>
</testsuite> <!-- com.ta.testNG.LoginToXEROWithTestData -->
