<?xml version="1.0" encoding="UTF-8"?>
<!-- Generated by org.testng.reporters.JUnitReportReporter -->
<testsuite hostname="Xiaoyans-MacBook-Pro.local" failures="0" tests="1" name="com.ta.testNG.SignupFreeTrial" time="4.639" errors="0" timestamp="2020-09-29T13:13:52 PDT" skipped="0">
  <testcase classname="com.ta.testNG.SignupFreeTrial" name="signupFreeTrial" time="4.639"/>
  <system-out/>
</testsuite> <!-- com.ta.testNG.SignupFreeTrial -->
