<?xml version="1.0" encoding="UTF-8"?>
<!-- Generated by org.testng.reporters.JUnitReportReporter -->
<testsuite hostname="Xiaoyans-MacBook-Pro.local" failures="0" tests="1" name="com.ta.testNG.SignupToXero" time="11.236" errors="0" timestamp="2020-09-29T14:02:10 PDT" skipped="0">
  <testcase classname="com.ta.testNG.SignupToXero" name="signupToXero" time="11.236"/>
  <system-out/>
</testsuite> <!-- com.ta.testNG.SignupToXero -->
