<?xml version="1.0" encoding="UTF-8"?>
<!-- Generated by org.testng.reporters.JUnitReportReporter -->
<testsuite hostname="Xiaoyans-MacBook-Pro.local" failures="0" tests="1" name="com.ta.xero.pages.LoginPageTest" time="10.885" errors="0" timestamp="2020-09-29T16:39:16 PDT" skipped="0">
  <testcase classname="com.ta.xero.pages.LoginPageTest" name="TestBasic" time="10.885"/>
  <system-out/>
</testsuite> <!-- com.ta.xero.pages.LoginPageTest -->
