<?xml version="1.0" encoding="UTF-8"?>
<!-- Generated by org.testng.reporters.JUnitReportReporter -->
<testsuite hostname="Xiaoyans-MacBook-Pro.local" failures="0" tests="3" name="com.ta.extentReport.LoginWithTestDataAndExtentReport" time="18.635" errors="0" timestamp="2020-09-28T19:57:21 PDT" skipped="0">
  <testcase classname="com.ta.extentReport.LoginWithTestDataAndExtentReport" name="loginToWebsiteWithTestData" time="4.425"/>
  <system-out/>
  <testcase classname="com.ta.extentReport.LoginWithTestDataAndExtentReport" name="loginToWebsiteWithTestData" time="4.970"/>
  <system-out/>
  <testcase classname="com.ta.extentReport.LoginWithTestDataAndExtentReport" name="loginToWebsiteWithTestData" time="9.240"/>
  <system-out/>
</testsuite> <!-- com.ta.extentReport.LoginWithTestDataAndExtentReport -->
