<?xml version="1.0" encoding="UTF-8"?>
<!-- Generated by org.testng.reporters.JUnitReportReporter -->
<testsuite hostname="Xiaoyans-MacBook-Pro.local" failures="0" tests="2" name="com.ta.xero.pages.XeroPageTestSuite" time="19.200" errors="0" timestamp="2020-09-29T17:14:51 PDT" skipped="0">
  <testcase classname="com.ta.xero.pages.XeroPageTestSuite" name="xeroLoginPageTest" time="8.145"/>
  <system-out/>
  <testcase classname="com.ta.xero.pages.XeroPageTestSuite" name="xeroLogoutPageTest" time="11.055"/>
  <system-out/>
</testsuite> <!-- com.ta.xero.pages.XeroPageTestSuite -->
