<?xml version="1.0" encoding="UTF-8"?>
<!-- Generated by org.testng.reporters.JUnitReportReporter -->
<testsuite hostname="Xiaoyans-MacBook-Pro.local" failures="0" tests="1" name="com.ta.testNG.LogoutXero" time="9.288" errors="0" timestamp="2020-09-29T17:27:14 PDT" skipped="0">
  <testcase classname="com.ta.testNG.LogoutXero" name="logoutXero" time="9.288"/>
  <system-out/>
</testsuite> <!-- com.ta.testNG.LogoutXero -->
