<?xml version="1.0" encoding="UTF-8"?>
<!-- Generated by org.testng.reporters.JUnitReportReporter -->
<testsuite hostname="Xiaoyans-MacBook-Pro.local" failures="0" tests="1" name="com.ta.testNG.LoginToXero" time="8.757" errors="0" timestamp="2020-09-29T14:19:17 PDT" skipped="0">
  <testcase classname="com.ta.testNG.LoginToXero" name="loginToWebsite" time="8.757"/>
  <system-out/>
</testsuite> <!-- com.ta.testNG.LoginToXero -->
